<response>
    <header>
        <resultCode>00</resultCode>
        <resultMsg>NORMAL SERVICE.</resultMsg>
    </header>
    <body>
        <items>
            <item>
                <거래금액> 16,000</거래금액>
                <거래유형>중개거래</거래유형>
                <건축년도>2014</건축년도>
                <년>2022</년>
                <법정동> 연건동</법정동>
                <아파트>이화에수풀</아파트>
                <월>9</월>
                <일>7</일>
                <전용면적>16.98</전용면적>
                <중개사소재지>서울 성북구</중개사소재지>
                <지번>195-10</지번>
                <지역코드>11110</지역코드>
                <층>13</층>
                <해제사유발생일> </해제사유발생일>
                <해제여부> </해제여부>
            </item>
            <item>
                <거래금액> 11,200</거래금액>
                <거래유형>중개거래</거래유형>
                <건축년도>2013</건축년도>
                <년>2022</년>
                <법정동> 숭인동</법정동>
                <아파트>익성씨티하임</아파트>
                <월>9</월>
                <일>3</일>
                <전용면적>15.42</전용면적>
                <중개사소재지>서울 종로구</중개사소재지>
                <지번>1392</지번>
                <지역코드>11110</지역코드>
                <층>11</층>
                <해제사유발생일> </해제사유발생일>
                <해제여부> </해제여부>
            </item>
        </items>
        <numOfRows>10</numOfRows>
        <pageNo>1</pageNo>
        <totalCount>15</totalCount>
    </body>
</response>